#
# There is insufficient memory for the Java Runtime Environment to continue.
# Native memory allocation (mmap) failed to map 130023424 bytes for G1 virtual space
# Possible reasons:
#   The system is out of physical RAM or swap space
#   The process is running with CompressedOops enabled, and the Java Heap may be blocking the growth of the native heap
# Possible solutions:
#   Reduce memory load on the system
#   Increase physical memory or swap space
#   Check if swap backing store is full
#   Decrease Java heap size (-Xmx/-Xms)
#   Decrease number of Java threads
#   Decrease Java thread stack sizes (-Xss)
#   Set larger code cache with -XX:ReservedCodeCacheSize=
#   JVM is running with Unscaled Compressed Oops mode in which the Java heap is
#     placed in the first 4GB address space. The Java Heap base address is the
#     maximum limit for the native heap growth. Please use -XX:HeapBaseMinAddress
#     to set the Java Heap base and to place the Java Heap above 4GB virtual address.
# This output file may be truncated or incomplete.
#
#  Out of Memory Error (os_windows.cpp:3530), pid=26236, tid=43200
#
# JRE version:  (18.0.1.1+2) (build )
# Java VM: OpenJDK 64-Bit Server VM (18.0.1.1+2-6, mixed mode, sharing, tiered, compressed oops, compressed class ptrs, g1 gc, windows-amd64)
# No core dump will be written. Minidumps are not enabled by default on client versions of Windows
#

---------------  S U M M A R Y ------------

Command Line: -javaagent:C:\Program Files\JetBrains\IntelliJ IDEA Community Edition 2022.1.2\lib\idea_rt.jar=56579:C:\Program Files\JetBrains\IntelliJ IDEA Community Edition 2022.1.2\bin -Dfile.encoding=UTF-8 SlaytOdevleri3.ForloopSoru11

Host: Intel(R) Core(TM) i5-1035G1 CPU @ 1.00GHz, 8 cores, 7G,  Windows 11 , 64 bit Build 22000 (10.0.22000.434)
Time: Mon Jul  4 01:32:16 2022 W. Europe Daylight Time elapsed time: 0.011712 seconds (0d 0h 0m 0s)

---------------  T H R E A D  ---------------

Current thread (0x00000173bb69f960):  JavaThread "Unknown thread" [_thread_in_vm, id=43200, stack(0x00000001d2a00000,0x00000001d2b00000)]

Stack: [0x00000001d2a00000,0x00000001d2b00000]
Native frames: (J=compiled Java code, j=interpreted, Vv=VM code, C=native code)
V  [jvm.dll+0x69887a]
V  [jvm.dll+0x7f38bd]
V  [jvm.dll+0x7f51ce]
V  [jvm.dll+0x7f5883]
V  [jvm.dll+0x25ca3f]
V  [jvm.dll+0x6957c9]
V  [jvm.dll+0x68a2fa]
V  [jvm.dll+0x321efb]
V  [jvm.dll+0x3298d6]
V  [jvm.dll+0x37e47e]
V  [jvm.dll+0x37e6af]
V  [jvm.dll+0x2f9c7a]
V  [jvm.dll+0x2facdd]
V  [jvm.dll+0x7c24f0]
V  [jvm.dll+0x38b801]
V  [jvm.dll+0x7a1203]
V  [jvm.dll+0x40d6bf]
V  [jvm.dll+0x40f091]
C  [jli.dll+0x526b]
C  [ucrtbase.dll+0x26c0c]
C  [KERNEL32.DLL+0x154e0]
C  [ntdll.dll+0x485b]


---------------  P R O C E S S  ---------------

Threads class SMR info:
_java_thread_list=0x00007ffb99b0d550, length=0, elements={
}

Java Threads: ( => current thread )

Other Threads:
  0x00000173bb6ff3e0 WorkerThread "GC Thread#0" [stack: 0x00000001d2b00000,0x00000001d2c00000] [id=58224]
  0x00000173bb70fb10 ConcurrentGCThread "G1 Main Marker" [stack: 0x00000001d2c00000,0x00000001d2d00000] [id=39064]
  0x00000173bb710ca0 WorkerThread "G1 Conc#0" [stack: 0x00000001d2d00000,0x00000001d2e00000] [id=71132]

[error occurred during error reporting (printing all threads), id 0xc0000005, EXCEPTION_ACCESS_VIOLATION (0xc0000005) at pc=0x00007ffb9933a217]

VM state: not at safepoint (not fully initialized)

VM Mutex/Monitor currently owned by a thread:  ([mutex/lock_event])
[0x00000173bb69b720] Heap_lock - owner thread: 0x00000173bb69f960

Heap address: 0x0000000084000000, size: 1984 MB, Compressed Oops mode: 32-bit

CDS archive(s) mapped at: [0x0000000000000000-0x0000000000000000-0x0000000000000000), size 0, SharedBaseAddress: 0x0000000800000000, ArchiveRelocationMode: 0.
Narrow klass base: 0x0000000000000000, Narrow klass shift: 0, Narrow klass range: 0x0

GC Precious Log:
 CardTable entry size: 512
 Card Set container configuration: InlinePtr #cards 5 size 8 Array Of Cards #cards 12 size 40 Howl #buckets 4 coarsen threshold 1843 Howl Bitmap #cards 512 size 80 coarsen threshold 460 Card regions per heap region 1 cards per card region 2048

Heap:
 garbage-first heap   total 0K, used 0K [0x0000000084000000, 0x0000000100000000)
  region size 1024K, 0 young (0K), 0 survivors (0K)

[error occurred during error reporting (printing heap information), id 0xc0000005, EXCEPTION_ACCESS_VIOLATION (0xc0000005) at pc=0x00007ffb99720cb9]

GC Heap History (0 events):
No events

Deoptimization events (0 events):
No events

Classes loaded (0 events):
No events

Classes unloaded (0 events):
No events

Classes redefined (0 events):
No events

Internal exceptions (0 events):
No events

VM Operations (0 events):
No events

Events (1 events):
Event: 0.008 Loaded shared library C:\Users\serap\.jdks\openjdk-18.0.1.1\bin\java.dll


Dynamic libraries:
0x00007ff6e88f0000 - 0x00007ff6e88fe000 	C:\Users\serap\.jdks\openjdk-18.0.1.1\bin\java.exe
0x00007ffc05820000 - 0x00007ffc05a29000 	C:\WINDOWS\SYSTEM32\ntdll.dll
0x00007ffc048f0000 - 0x00007ffc049ad000 	C:\WINDOWS\System32\KERNEL32.DLL
0x00007ffc02f00000 - 0x00007ffc03274000 	C:\WINDOWS\System32\KERNELBASE.dll
0x00007ffc02d10000 - 0x00007ffc02e21000 	C:\WINDOWS\System32\ucrtbase.dll
0x00007ffbf9230000 - 0x00007ffbf924a000 	C:\Users\serap\.jdks\openjdk-18.0.1.1\bin\VCRUNTIME140.dll
0x00007ffbf9a70000 - 0x00007ffbf9a87000 	C:\Users\serap\.jdks\openjdk-18.0.1.1\bin\jli.dll
0x00007ffc03b50000 - 0x00007ffc03cfc000 	C:\WINDOWS\System32\USER32.dll
0x00007ffc02ed0000 - 0x00007ffc02ef6000 	C:\WINDOWS\System32\win32u.dll
0x00007ffbed820000 - 0x00007ffbedac5000 	C:\WINDOWS\WinSxS\amd64_microsoft.windows.common-controls_6595b64144ccf1df_6.0.22000.120_none_9d947278b86cc467\COMCTL32.dll
0x00007ffc04ac0000 - 0x00007ffc04ae9000 	C:\WINDOWS\System32\GDI32.dll
0x00007ffc03e30000 - 0x00007ffc03ed3000 	C:\WINDOWS\System32\msvcrt.dll
0x00007ffc034e0000 - 0x00007ffc035f2000 	C:\WINDOWS\System32\gdi32full.dll
0x00007ffc02e30000 - 0x00007ffc02ecd000 	C:\WINDOWS\System32\msvcp_win.dll
0x00007ffc048b0000 - 0x00007ffc048e1000 	C:\WINDOWS\System32\IMM32.DLL
0x00007ffbfc680000 - 0x00007ffbfc68c000 	C:\Users\serap\.jdks\openjdk-18.0.1.1\bin\vcruntime140_1.dll
0x00007ffbe5c20000 - 0x00007ffbe5cad000 	C:\Users\serap\.jdks\openjdk-18.0.1.1\bin\msvcp140.dll
0x00007ffb99030000 - 0x00007ffb99c40000 	C:\Users\serap\.jdks\openjdk-18.0.1.1\bin\server\jvm.dll
0x00007ffc03a40000 - 0x00007ffc03aee000 	C:\WINDOWS\System32\ADVAPI32.dll
0x00007ffc049b0000 - 0x00007ffc04a4e000 	C:\WINDOWS\System32\sechost.dll
0x00007ffc03870000 - 0x00007ffc03990000 	C:\WINDOWS\System32\RPCRT4.dll
0x00007ffc03a20000 - 0x00007ffc03a28000 	C:\WINDOWS\System32\PSAPI.DLL
0x00007ffbfb860000 - 0x00007ffbfb86a000 	C:\WINDOWS\SYSTEM32\VERSION.dll
0x00007ffc00aa0000 - 0x00007ffc00aa9000 	C:\WINDOWS\SYSTEM32\WSOCK32.dll
0x00007ffbfca70000 - 0x00007ffbfcaa3000 	C:\WINDOWS\SYSTEM32\WINMM.dll
0x00007ffc03d60000 - 0x00007ffc03dcf000 	C:\WINDOWS\System32\WS2_32.dll
0x00007ffc01e10000 - 0x00007ffc01e28000 	C:\WINDOWS\SYSTEM32\kernel.appcore.dll
0x00007ffbf9b20000 - 0x00007ffbf9b2a000 	C:\Users\serap\.jdks\openjdk-18.0.1.1\bin\jimage.dll
0x00007ffc00840000 - 0x00007ffc00a61000 	C:\WINDOWS\SYSTEM32\DBGHELP.DLL
0x00007ffbedad0000 - 0x00007ffbedb01000 	C:\WINDOWS\SYSTEM32\dbgcore.DLL
0x00007ffc033f0000 - 0x00007ffc0346f000 	C:\WINDOWS\System32\bcryptPrimitives.dll
0x00007ffbe9e60000 - 0x00007ffbe9e6e000 	C:\Users\serap\.jdks\openjdk-18.0.1.1\bin\instrument.dll
0x00007ffbe9260000 - 0x00007ffbe9285000 	C:\Users\serap\.jdks\openjdk-18.0.1.1\bin\java.dll

dbghelp: loaded successfully - version: 4.0.5 - missing functions: none
symbol engine: initialized successfully - sym options: 0x614 - pdb path: .;C:\Users\serap\.jdks\openjdk-18.0.1.1\bin;C:\WINDOWS\SYSTEM32;C:\WINDOWS\WinSxS\amd64_microsoft.windows.common-controls_6595b64144ccf1df_6.0.22000.120_none_9d947278b86cc467;C:\Users\serap\.jdks\openjdk-18.0.1.1\bin\server

VM Arguments:
jvm_args: -javaagent:C:\Program Files\JetBrains\IntelliJ IDEA Community Edition 2022.1.2\lib\idea_rt.jar=56579:C:\Program Files\JetBrains\IntelliJ IDEA Community Edition 2022.1.2\bin -Dfile.encoding=UTF-8 
java_command: SlaytOdevleri3.ForloopSoru11
java_class_path (initial): C:\Users\serap\IdeaProjects\odevler\out\production\odevler
Launcher Type: SUN_STANDARD

[Global flags]
     intx CICompilerCount                          = 4                                         {product} {ergonomic}
     uint ConcGCThreads                            = 2                                         {product} {ergonomic}
     uint G1ConcRefinementThreads                  = 8                                         {product} {ergonomic}
   size_t G1HeapRegionSize                         = 1048576                                   {product} {ergonomic}
    uintx GCDrainStackTargetSize                   = 64                                        {product} {ergonomic}
   size_t InitialHeapSize                          = 130023424                                 {product} {ergonomic}
   size_t MarkStackSize                            = 4194304                                   {product} {ergonomic}
   size_t MaxHeapSize                              = 2080374784                                {product} {ergonomic}
   size_t MinHeapDeltaBytes                        = 1048576                                   {product} {ergonomic}
   size_t MinHeapSize                              = 8388608                                   {product} {ergonomic}
    uintx NonNMethodCodeHeapSize                   = 5839372                                {pd product} {ergonomic}
    uintx NonProfiledCodeHeapSize                  = 122909434                              {pd product} {ergonomic}
    uintx ProfiledCodeHeapSize                     = 122909434                              {pd product} {ergonomic}
    uintx ReservedCodeCacheSize                    = 251658240                              {pd product} {ergonomic}
     bool SegmentedCodeCache                       = true                                      {product} {ergonomic}
   size_t SoftMaxHeapSize                          = 2080374784                             {manageable} {ergonomic}
     bool UseCompressedClassPointers               = true                           {product lp64_product} {ergonomic}
     bool UseCompressedOops                        = true                           {product lp64_product} {ergonomic}
     bool UseG1GC                                  = true                                      {product} {ergonomic}
     bool UseLargePagesIndividualAllocation        = false                                  {pd product} {ergonomic}

Logging:
Log output configuration:
 #0: stdout all=warning uptime,level,tags foldmultilines=false
 #1: stderr all=off uptime,level,tags foldmultilines=false

Environment Variables:
JAVA_HOME=C:\Program Files\Java\jdk-11.0.13\bin
PATH=C:\Program Files\Common Files\Oracle\Java\javapath;C:\WINDOWS\system32;C:\WINDOWS;C:\WINDOWS\System32\Wbem;C:\WINDOWS\System32\WindowsPowerShell\v1.0\;C:\WINDOWS\System32\OpenSSH\;C:\Program Files\Git\cmd;C:\Program Files\Solidigm\Solidigm(TM) Storage Tool\;C:\Users\serap\anaconda3;C:\Users\serap\anaconda3\Library\mingw-w64\bin;C:\Users\serap\anaconda3\Library\usr\bin;C:\Users\serap\anaconda3\Library\bin;C:\Users\serap\anaconda3\Scripts;C:\Users\serap\AppData\Local\Microsoft\WindowsApps;C:\Program Files\Java\jdk-11.0.13\bin;C:\ProgramData\serap\GitHubDesktop\bin;C:\Users\serap\AppData\Local\Programs\Microsoft VS Code\bin
USERNAME=serap
OS=Windows_NT
PROCESSOR_IDENTIFIER=Intel64 Family 6 Model 126 Stepping 5, GenuineIntel



---------------  S Y S T E M  ---------------

OS:
 Windows 11 , 64 bit Build 22000 (10.0.22000.434)
OS uptime: 24 days 7:26 hours

CPU: total 8 (initial active 8) (4 cores per cpu, 2 threads per core) family 6 model 126 stepping 5 microcode 0xa0, cx8, cmov, fxsr, ht, mmx, 3dnowpref, sse, sse2, sse3, ssse3, sse4.1, sse4.2, popcnt, lzcnt, tsc, tscinvbit, avx, avx2, aes, erms, clmul, bmi1, bmi2, adx, avx512f, avx512dq, avx512cd, avx512bw, avx512vl, sha, fma, vzeroupper, avx512_vpopcntdq, avx512_vpclmulqdq, avx512_vaes, avx512_vnni, clflush, clflushopt, avx512_vbmi2, avx512_vbmi

Memory: 4k page, system-wide physical 7932M (525M free)
TotalPageFile size 32508M (AvailPageFile size 46M)
current process WorkingSet (physical memory assigned to process): 10M, peak: 10M
current process commit charge ("private bytes"): 60M, peak: 184M

vm_info: OpenJDK 64-Bit Server VM (18.0.1.1+2-6) for windows-amd64 JRE (18.0.1.1+2-6), built on Apr 25 2022 21:50:56 by "mach5one" with MS VC++ 16.8 / 16.9 (VS2019)

END.
